<?xml version="1.0" encoding="UTF-8"?>
<!-- Generated by org.testng.reporters.JUnitReportReporter -->
<testsuite skipped="0" hostname="Dell-PC" name="com.testpackage.DemoTest" tests="4" failures="0" timestamp="03 Apr 2019 17:56:21 GMT" time="0.052" errors="0">
  <testcase name="sum" time="0.002" classname="com.testpackage.DemoTest"/>
  <testcase name="div" time="0.046" classname="com.testpackage.DemoTest"/>
  <testcase name="mul" time="0.002" classname="com.testpackage.DemoTest"/>
  <testcase name="sub" time="0.002" classname="com.testpackage.DemoTest"/>
</testsuite> <!-- com.testpackage.DemoTest -->
