<?xml version="1.0" encoding="UTF-8"?>
<!-- Generated by org.testng.reporters.JUnitReportReporter -->
<testsuite skipped="0" hostname="Dell-PC" name="com.testpackage.DemoTest3" tests="4" failures="0" timestamp="03 Apr 2019 18:45:36 GMT" time="0.000" errors="0">
  <testcase name="mul" time="0.000" classname="com.testpackage.DemoTest3"/>
  <testcase name="div" time="0.000" classname="com.testpackage.DemoTest3"/>
  <testcase name="sum" time="0.000" classname="com.testpackage.DemoTest3"/>
  <testcase name="sub" time="0.000" classname="com.testpackage.DemoTest3"/>
</testsuite> <!-- com.testpackage.DemoTest3 -->
